0 info it worked if it ends with ok
1 verbose cli [ 'C:\\Program Files (x86)\\nodejs\\node.exe',
1 verbose cli   'C:\\Program Files (x86)\\nodejs\\node_modules\\npm\\bin\\npm-cli.js',
1 verbose cli   'run',
1 verbose cli   'dev' ]
2 info using npm@3.10.10
3 info using node@v6.10.3
4 verbose run-script [ 'predev', 'dev', 'postdev' ]
5 info lifecycle OJS3@3.1.1~predev: OJS3@3.1.1
6 silly lifecycle OJS3@3.1.1~predev: no script for predev, continuing
7 info lifecycle OJS3@3.1.1~dev: OJS3@3.1.1
8 verbose lifecycle OJS3@3.1.1~dev: unsafe-perm in lifecycle true
9 verbose lifecycle OJS3@3.1.1~dev: PATH: C:\Program Files (x86)\nodejs\node_modules\npm\bin\node-gyp-bin;C:\xampp\htdocs\jafib-ojs\node_modules\.bin;c:\python3\;C:\ProgramData\Oracle\Java\javapath;C:\Windows\system32;C:\Windows;C:\Windows\System32\Wbem;C:\Windows\System32\WindowsPowerShell\v1.0\;C:\Users\skorlakunta\.dnx\bin;C:\Program Files\Microsoft DNX\Dnvm\;C:\Program Files\Microsoft SQL Server\130\Tools\Binn\;C:\Program Files (x86)\Common Files\Intuit\QBPOSSDKRuntime;C:\Program Files\TortoiseSVN\bin;C:\Program Files\Git\cmd;C:\Program Files\Git\mingw64\bin;C:\Program Files\Git\usr\bin;C:\Program Files (x86)\Windows Kits\10\Windows Performance Toolkit\;C:\Program Files (x86)\nodejs\;C:\xampp\php;C:\ProgramData\ComposerSetup\bin;C:\Python3\Scripts\;C:\Python3\;C:\Python\Python36-32\Scripts\;C:\Python\Python36-32\;C:\Users\skorlakunta\AppData\Roaming\npm;C:\Program Files\Microsoft VS Code\bin;C:\Users\skorlakunta\AppData\Roaming\Composer\vendor\bin
10 verbose lifecycle OJS3@3.1.1~dev: CWD: C:\xampp\htdocs\jafib-ojs
11 silly lifecycle OJS3@3.1.1~dev: Args: [ '/d /s /c',
11 silly lifecycle   'cross-env NODE_ENV=development webpack --progress --hide-modules --watch' ]
12 silly lifecycle OJS3@3.1.1~dev: Returned: code: 3221225786  signal: null
13 info lifecycle OJS3@3.1.1~dev: Failed to exec dev script
14 verbose stack Error: OJS3@3.1.1 dev: `cross-env NODE_ENV=development webpack --progress --hide-modules --watch`
14 verbose stack Exit status 3221225786
14 verbose stack     at EventEmitter.<anonymous> (C:\Program Files (x86)\nodejs\node_modules\npm\lib\utils\lifecycle.js:255:16)
14 verbose stack     at emitTwo (events.js:106:13)
14 verbose stack     at EventEmitter.emit (events.js:191:7)
14 verbose stack     at ChildProcess.<anonymous> (C:\Program Files (x86)\nodejs\node_modules\npm\lib\utils\spawn.js:40:14)
14 verbose stack     at emitTwo (events.js:106:13)
14 verbose stack     at ChildProcess.emit (events.js:191:7)
14 verbose stack     at maybeClose (internal/child_process.js:886:16)
14 verbose stack     at Process.ChildProcess._handle.onexit (internal/child_process.js:226:5)
15 verbose pkgid OJS3@3.1.1
16 verbose cwd C:\xampp\htdocs\jafib-ojs
17 error Windows_NT 6.3.9600
18 error argv "C:\\Program Files (x86)\\nodejs\\node.exe" "C:\\Program Files (x86)\\nodejs\\node_modules\\npm\\bin\\npm-cli.js" "run" "dev"
19 error node v6.10.3
20 error npm  v3.10.10
21 error code ELIFECYCLE
22 error OJS3@3.1.1 dev: `cross-env NODE_ENV=development webpack --progress --hide-modules --watch`
22 error Exit status 3221225786
23 error Failed at the OJS3@3.1.1 dev script 'cross-env NODE_ENV=development webpack --progress --hide-modules --watch'.
23 error Make sure you have the latest version of node.js and npm installed.
23 error If you do, this is most likely a problem with the OJS3 package,
23 error not with npm itself.
23 error Tell the author that this fails on your system:
23 error     cross-env NODE_ENV=development webpack --progress --hide-modules --watch
23 error You can get information on how to open an issue for this project with:
23 error     npm bugs OJS3
23 error Or if that isn't available, you can get their info via:
23 error     npm owner ls OJS3
23 error There is likely additional logging output above.
24 verbose exit [ 1, true ]
